<?xml version="1.0" encoding="UTF-8"?>
<testsuite name="LibraryTest" tests="2" skipped="0" failures="0" errors="0" timestamp="2017-07-26T01:55:17" hostname="CNrzhou.local" time="0.211">
  <properties/>
  <testcase name="testMockClass" classname="LibraryTest" time="0.211"/>
  <testcase name="testSomeLibraryMethod" classname="LibraryTest" time="0.0"/>
  <system-out><![CDATA[]]></system-out>
  <system-err><![CDATA[]]></system-err>
</testsuite>
