<?xml version="1.0" encoding="UTF-8"?>
<testsuite name="practice_1.Practice_1" tests="3" skipped="0" failures="0" errors="0" timestamp="2017-07-24T07:19:59" hostname="CNrzhou.local" time="0.002">
  <properties/>
  <testcase name="testToString" classname="practice_1.Practice_1" time="0.001"/>
  <testcase name="testModifyName" classname="practice_1.Practice_1" time="0.0"/>
  <testcase name="testIntroduce" classname="practice_1.Practice_1" time="0.0"/>
  <system-out><![CDATA[]]></system-out>
  <system-err><![CDATA[]]></system-err>
</testsuite>
