<?xml version="1.0" encoding="UTF-8"?>
<testsuite name="TranscriptTest" tests="4" skipped="0" failures="0" errors="0" timestamp="2017-07-27T16:55:35" hostname="CNrzhou.local" time="0.001">
  <properties/>
  <testcase name="should_build_transcript_include_one_student" classname="TranscriptTest" time="0.001"/>
  <testcase name="should_not_build_transcript_when_student_is_not_exist" classname="TranscriptTest" time="0.0"/>
  <testcase name="should_build_transcript_include_two_students" classname="TranscriptTest" time="0.0"/>
  <testcase name="should_only_build_transcript_include_exist_student" classname="TranscriptTest" time="0.0"/>
  <system-out><![CDATA[]]></system-out>
  <system-err><![CDATA[]]></system-err>
</testsuite>
