<?xml version="1.0" encoding="UTF-8"?>
<testsuite name="ReportBuilderTest" tests="4" skipped="0" failures="0" errors="0" timestamp="2017-07-30T13:36:34" hostname="CNrzhou.local" time="0.002">
  <properties/>
  <testcase name="should_only_generate_report_include_exist_student" classname="ReportBuilderTest" time="0.0"/>
  <testcase name="should_not_generate_report_when_student_is_not_exist" classname="ReportBuilderTest" time="0.0"/>
  <testcase name="should_generate_report_include_two_students" classname="ReportBuilderTest" time="0.0"/>
  <testcase name="should_generate_report_include_one_student" classname="ReportBuilderTest" time="0.0"/>
  <system-out><![CDATA[]]></system-out>
  <system-err><![CDATA[]]></system-err>
</testsuite>
