<?xml version="1.0" encoding="UTF-8"?>
<testsuite name="ManageScoreTest" tests="1" skipped="0" failures="0" errors="0" timestamp="2017-07-27T16:55:35" hostname="CNrzhou.local" time="0.0">
  <properties/>
  <testcase name="should_print_student" classname="ManageScoreTest" time="0.0"/>
  <system-out><![CDATA[]]></system-out>
  <system-err><![CDATA[]]></system-err>
</testsuite>
