<?xml version="1.0" encoding="UTF-8"?>
<testsuite name="KlassTest" tests="2" skipped="0" failures="0" errors="0" timestamp="2017-07-30T13:36:34" hostname="CNrzhou.local" time="0.001">
  <properties/>
  <testcase name="should_add_two_students_score" classname="KlassTest" time="0.001"/>
  <testcase name="should_add_one_student_score" classname="KlassTest" time="0.0"/>
  <system-out><![CDATA[]]></system-out>
  <system-err><![CDATA[]]></system-err>
</testsuite>
